2021-07-26T14:59:08+00:00 CRITICAL Uncaught TypeError: call_user_func_array(): Argument #1 ($function) must be a valid callback, function "rename_content" not found or invalid function name in /opt/lampp/htdocs/wordpress/wp-includes/class-wp-hook.php:305
Stack trace:
#0 /opt/lampp/htdocs/wordpress/wp-includes/plugin.php(189): WP_Hook->apply_filters('Sample Page', Array)
#1 /opt/lampp/htdocs/wordpress/wp-includes/post-template.php(171): apply_filters('the_title', 'Sample Page', 2)
#2 /opt/lampp/htdocs/wordpress/wp-content/themes/elite-commerce/inc/template-functions.php(105): get_the_title(Object(WP_Post))
#3 /opt/lampp/htdocs/wordpress/wp-includes/class-wp-hook.php(303): elite_commerce_excerpt_more(' [&hellip;]')
#4 /opt/lampp/htdocs/wordpress/wp-includes/plugin.php(189): WP_Hook->apply_filters(' [&hellip;]', Array)
#5 /opt/lampp/htdocs/wordpress/wp-includes/formatting.php(3845): apply_filters('excerpt_more', ' [&hellip;]')
#6 /opt/lampp/htdocs/wordpress/wp-includes/class-wp-hook.php(303): wp_trim_excerpt('<p>This is an e...', Object(WP_Post))
#7 /opt/lampp/htdocs/wordpress/wp-includes/plugin.php(189): WP_Hook->apply_filters('', Array)
#8 /opt/lampp/htdocs/wordpress/wp-includes/post-template.php(429): apply_filters('get_the_excerpt', '', Object(WP_Post))
#9 /opt/lampp/htdocs/wordpress/wp-content/plugins/wordpress-seo/src/helpers/post-helper.php(72): get_the_excerpt(Object(WP_Post))
#10 /opt/lampp/htdocs/wordpress/wp-content/plugins/wordpress-seo/src/presentations/indexable-post-type-presentation.php(196): Yoast\WP\SEO\Helpers\Post_Helper->get_the_excerpt(2)
#11 /opt/lampp/htdocs/wordpress/wp-content/plugins/wordpress-seo/src/presentations/abstract-presentation.php(64): Yoast\WP\SEO\Presentations\Indexable_Post_Type_Presentation->generate_open_graph_description()
#12 /opt/lampp/htdocs/wordpress/wp-content/plugins/wordpress-seo/src/presenters/open-graph/description-presenter.php(40): Yoast\WP\SEO\Presentations\Abstract_Presentation->__get('open_graph_desc...')
#13 /opt/lampp/htdocs/wordpress/wp-content/plugins/wordpress-seo/src/presenters/abstract-indexable-tag-presenter.php(37): Yoast\WP\SEO\Presenters\Open_Graph\Description_Presenter->get()
#14 /opt/lampp/htdocs/wordpress/wp-content/plugins/wordpress-seo/src/integrations/front-end-integration.php(317): Yoast\WP\SEO\Presenters\Abstract_Indexable_Tag_Presenter->present()
#15 /opt/lampp/htdocs/wordpress/wp-includes/class-wp-hook.php(303): Yoast\WP\SEO\Integrations\Front_End_Integration->present_head('')
#16 /opt/lampp/htdocs/wordpress/wp-includes/class-wp-hook.php(327): WP_Hook->apply_filters('', Array)
#17 /opt/lampp/htdocs/wordpress/wp-includes/plugin.php(470): WP_Hook->do_action(Array)
#18 /opt/lampp/htdocs/wordpress/wp-content/plugins/wordpress-seo/src/integrations/front-end-integration.php(291): do_action('wpseo_head')
#19 /opt/lampp/htdocs/wordpress/wp-includes/class-wp-hook.php(303): Yoast\WP\SEO\Integrations\Front_End_Integration->call_wpseo_head('')
#20 /opt/lampp/htdocs/wordpress/wp-includes/class-wp-hook.php(327): WP_Hook->apply_filters(NULL, Array)
#21 /opt/lampp/htdocs/wordpress/wp-includes/plugin.php(470): WP_Hook->do_action(Array)
#22 /opt/lampp/htdocs/wordpress/wp-includes/general-template.php(3015): do_action('wp_head')
#23 /opt/lampp/htdocs/wordpress/wp-content/themes/elite-commerce/header.php(20): wp_head()
#24 /opt/lampp/htdocs/wordpress/wp-includes/template.php(770): require_once('/opt/lampp/htdo...')
#25 /opt/lampp/htdocs/wordpress/wp-includes/template.php(716): load_template('/opt/lampp/htdo...', true, Array)
#26 /opt/lampp/htdocs/wordpress/wp-includes/general-template.php(48): locate_template(Array, true, true, Array)
#27 /opt/lampp/htdocs/wordpress/wp-content/themes/elite-commerce/page.php(15): get_header()
#28 /opt/lampp/htdocs/wordpress/wp-includes/template-loader.php(106): include('/opt/lampp/htdo...')
#29 /opt/lampp/htdocs/wordpress/wp-blog-header.php(19): require_once('/opt/lampp/htdo...')
#30 /opt/lampp/htdocs/wordpress/index.php(17): require('/opt/lampp/htdo...')
#31 {main}
  thrown in /opt/lampp/htdocs/wordpress/wp-includes/class-wp-hook.php on line 305

2021-07-26T14:59:09+00:00 CRITICAL Uncaught TypeError: call_user_func_array(): Argument #1 ($function) must be a valid callback, function "rename_content" not found or invalid function name in /opt/lampp/htdocs/wordpress/wp-includes/class-wp-hook.php:305
Stack trace:
#0 /opt/lampp/htdocs/wordpress/wp-includes/plugin.php(189): WP_Hook->apply_filters('Homepage', Array)
#1 /opt/lampp/htdocs/wordpress/wp-includes/post-template.php(171): apply_filters('the_title', 'Homepage', 28)
#2 /opt/lampp/htdocs/wordpress/wp-content/themes/elite-commerce/inc/template-functions.php(105): get_the_title(Object(WP_Post))
#3 /opt/lampp/htdocs/wordpress/wp-includes/class-wp-hook.php(303): elite_commerce_excerpt_more(' [&hellip;]')
#4 /opt/lampp/htdocs/wordpress/wp-includes/plugin.php(189): WP_Hook->apply_filters(' [&hellip;]', Array)
#5 /opt/lampp/htdocs/wordpress/wp-includes/formatting.php(3845): apply_filters('excerpt_more', ' [&hellip;]')
#6 /opt/lampp/htdocs/wordpress/wp-includes/class-wp-hook.php(303): wp_trim_excerpt('<h2 style="text...', Object(WP_Post))
#7 /opt/lampp/htdocs/wordpress/wp-includes/plugin.php(189): WP_Hook->apply_filters('', Array)
#8 /opt/lampp/htdocs/wordpress/wp-includes/post-template.php(429): apply_filters('get_the_excerpt', '', Object(WP_Post))
#9 /opt/lampp/htdocs/wordpress/wp-content/plugins/wordpress-seo/src/helpers/post-helper.php(72): get_the_excerpt(Object(WP_Post))
#10 /opt/lampp/htdocs/wordpress/wp-content/plugins/wordpress-seo/src/presentations/indexable-post-type-presentation.php(196): Yoast\WP\SEO\Helpers\Post_Helper->get_the_excerpt(28)
#11 /opt/lampp/htdocs/wordpress/wp-content/plugins/wordpress-seo/src/presentations/abstract-presentation.php(64): Yoast\WP\SEO\Presentations\Indexable_Post_Type_Presentation->generate_open_graph_description()
#12 /opt/lampp/htdocs/wordpress/wp-content/plugins/wordpress-seo/src/presenters/open-graph/description-presenter.php(40): Yoast\WP\SEO\Presentations\Abstract_Presentation->__get('open_graph_desc...')
#13 /opt/lampp/htdocs/wordpress/wp-content/plugins/wordpress-seo/src/presenters/abstract-indexable-tag-presenter.php(37): Yoast\WP\SEO\Presenters\Open_Graph\Description_Presenter->get()
#14 /opt/lampp/htdocs/wordpress/wp-content/plugins/wordpress-seo/src/integrations/front-end-integration.php(317): Yoast\WP\SEO\Presenters\Abstract_Indexable_Tag_Presenter->present()
#15 /opt/lampp/htdocs/wordpress/wp-includes/class-wp-hook.php(303): Yoast\WP\SEO\Integrations\Front_End_Integration->present_head('')
#16 /opt/lampp/htdocs/wordpress/wp-includes/class-wp-hook.php(327): WP_Hook->apply_filters('', Array)
#17 /opt/lampp/htdocs/wordpress/wp-includes/plugin.php(470): WP_Hook->do_action(Array)
#18 /opt/lampp/htdocs/wordpress/wp-content/plugins/wordpress-seo/src/integrations/front-end-integration.php(291): do_action('wpseo_head')
#19 /opt/lampp/htdocs/wordpress/wp-includes/class-wp-hook.php(303): Yoast\WP\SEO\Integrations\Front_End_Integration->call_wpseo_head('')
#20 /opt/lampp/htdocs/wordpress/wp-includes/class-wp-hook.php(327): WP_Hook->apply_filters(NULL, Array)
#21 /opt/lampp/htdocs/wordpress/wp-includes/plugin.php(470): WP_Hook->do_action(Array)
#22 /opt/lampp/htdocs/wordpress/wp-includes/general-template.php(3015): do_action('wp_head')
#23 /opt/lampp/htdocs/wordpress/wp-content/themes/elite-commerce/header.php(20): wp_head()
#24 /opt/lampp/htdocs/wordpress/wp-includes/template.php(770): require_once('/opt/lampp/htdo...')
#25 /opt/lampp/htdocs/wordpress/wp-includes/template.php(716): load_template('/opt/lampp/htdo...', true, Array)
#26 /opt/lampp/htdocs/wordpress/wp-includes/general-template.php(48): locate_template(Array, true, true, Array)
#27 /opt/lampp/htdocs/wordpress/wp-content/themes/elite-commerce/page.php(15): get_header()
#28 /opt/lampp/htdocs/wordpress/wp-includes/template-loader.php(106): include('/opt/lampp/htdo...')
#29 /opt/lampp/htdocs/wordpress/wp-blog-header.php(19): require_once('/opt/lampp/htdo...')
#30 /opt/lampp/htdocs/wordpress/index.php(17): require('/opt/lampp/htdo...')
#31 {main}
  thrown in /opt/lampp/htdocs/wordpress/wp-includes/class-wp-hook.php on line 305

2021-07-26T14:59:16+00:00 CRITICAL Uncaught TypeError: call_user_func_array(): Argument #1 ($function) must be a valid callback, function "rename_content" not found or invalid function name in /opt/lampp/htdocs/wordpress/wp-includes/class-wp-hook.php:305
Stack trace:
#0 /opt/lampp/htdocs/wordpress/wp-includes/plugin.php(189): WP_Hook->apply_filters('Homepage', Array)
#1 /opt/lampp/htdocs/wordpress/wp-includes/post-template.php(171): apply_filters('the_title', 'Homepage', 28)
#2 /opt/lampp/htdocs/wordpress/wp-content/themes/elite-commerce/inc/template-functions.php(105): get_the_title(Object(WP_Post))
#3 /opt/lampp/htdocs/wordpress/wp-includes/class-wp-hook.php(303): elite_commerce_excerpt_more(' [&hellip;]')
#4 /opt/lampp/htdocs/wordpress/wp-includes/plugin.php(189): WP_Hook->apply_filters(' [&hellip;]', Array)
#5 /opt/lampp/htdocs/wordpress/wp-includes/formatting.php(3845): apply_filters('excerpt_more', ' [&hellip;]')
#6 /opt/lampp/htdocs/wordpress/wp-includes/class-wp-hook.php(303): wp_trim_excerpt('<h2 style="text...', Object(WP_Post))
#7 /opt/lampp/htdocs/wordpress/wp-includes/plugin.php(189): WP_Hook->apply_filters('', Array)
#8 /opt/lampp/htdocs/wordpress/wp-includes/post-template.php(429): apply_filters('get_the_excerpt', '', Object(WP_Post))
#9 /opt/lampp/htdocs/wordpress/wp-content/plugins/wordpress-seo/src/helpers/post-helper.php(72): get_the_excerpt(Object(WP_Post))
#10 /opt/lampp/htdocs/wordpress/wp-content/plugins/wordpress-seo/src/presentations/indexable-post-type-presentation.php(196): Yoast\WP\SEO\Helpers\Post_Helper->get_the_excerpt(28)
#11 /opt/lampp/htdocs/wordpress/wp-content/plugins/wordpress-seo/src/presentations/abstract-presentation.php(64): Yoast\WP\SEO\Presentations\Indexable_Post_Type_Presentation->generate_open_graph_description()
#12 /opt/lampp/htdocs/wordpress/wp-content/plugins/wordpress-seo/src/presenters/open-graph/description-presenter.php(40): Yoast\WP\SEO\Presentations\Abstract_Presentation->__get('open_graph_desc...')
#13 /opt/lampp/htdocs/wordpress/wp-content/plugins/wordpress-seo/src/presenters/abstract-indexable-tag-presenter.php(37): Yoast\WP\SEO\Presenters\Open_Graph\Description_Presenter->get()
#14 /opt/lampp/htdocs/wordpress/wp-content/plugins/wordpress-seo/src/integrations/front-end-integration.php(317): Yoast\WP\SEO\Presenters\Abstract_Indexable_Tag_Presenter->present()
#15 /opt/lampp/htdocs/wordpress/wp-includes/class-wp-hook.php(303): Yoast\WP\SEO\Integrations\Front_End_Integration->present_head('')
#16 /opt/lampp/htdocs/wordpress/wp-includes/class-wp-hook.php(327): WP_Hook->apply_filters('', Array)
#17 /opt/lampp/htdocs/wordpress/wp-includes/plugin.php(470): WP_Hook->do_action(Array)
#18 /opt/lampp/htdocs/wordpress/wp-content/plugins/wordpress-seo/src/integrations/front-end-integration.php(291): do_action('wpseo_head')
#19 /opt/lampp/htdocs/wordpress/wp-includes/class-wp-hook.php(303): Yoast\WP\SEO\Integrations\Front_End_Integration->call_wpseo_head('')
#20 /opt/lampp/htdocs/wordpress/wp-includes/class-wp-hook.php(327): WP_Hook->apply_filters(NULL, Array)
#21 /opt/lampp/htdocs/wordpress/wp-includes/plugin.php(470): WP_Hook->do_action(Array)
#22 /opt/lampp/htdocs/wordpress/wp-includes/general-template.php(3015): do_action('wp_head')
#23 /opt/lampp/htdocs/wordpress/wp-content/themes/elite-commerce/header.php(20): wp_head()
#24 /opt/lampp/htdocs/wordpress/wp-includes/template.php(770): require_once('/opt/lampp/htdo...')
#25 /opt/lampp/htdocs/wordpress/wp-includes/template.php(716): load_template('/opt/lampp/htdo...', true, Array)
#26 /opt/lampp/htdocs/wordpress/wp-includes/general-template.php(48): locate_template(Array, true, true, Array)
#27 /opt/lampp/htdocs/wordpress/wp-content/themes/elite-commerce/page.php(15): get_header()
#28 /opt/lampp/htdocs/wordpress/wp-includes/template-loader.php(106): include('/opt/lampp/htdo...')
#29 /opt/lampp/htdocs/wordpress/wp-blog-header.php(19): require_once('/opt/lampp/htdo...')
#30 /opt/lampp/htdocs/wordpress/index.php(17): require('/opt/lampp/htdo...')
#31 {main}
  thrown in /opt/lampp/htdocs/wordpress/wp-includes/class-wp-hook.php on line 305

2021-07-26T15:07:56+00:00 CRITICAL Uncaught ArgumentCountError: Too few arguments to function wp_full_title_capitalize(), 1 passed in /opt/lampp/htdocs/wordpress/wp-includes/class-wp-hook.php on line 305 and exactly 3 expected in /opt/lampp/htdocs/wordpress/wp-content/plugins/myplugin.php:14
Stack trace:
#0 /opt/lampp/htdocs/wordpress/wp-includes/class-wp-hook.php(305): wp_full_title_capitalize('Homepage')
#1 /opt/lampp/htdocs/wordpress/wp-includes/plugin.php(189): WP_Hook->apply_filters('Homepage', Array)
#2 /opt/lampp/htdocs/wordpress/wp-includes/post-template.php(171): apply_filters('the_title', 'Homepage', 28)
#3 /opt/lampp/htdocs/wordpress/wp-content/themes/elite-commerce/inc/template-functions.php(105): get_the_title(Object(WP_Post))
#4 /opt/lampp/htdocs/wordpress/wp-includes/class-wp-hook.php(303): elite_commerce_excerpt_more(' [&hellip;]')
#5 /opt/lampp/htdocs/wordpress/wp-includes/plugin.php(189): WP_Hook->apply_filters(' [&hellip;]', Array)
#6 /opt/lampp/htdocs/wordpress/wp-includes/formatting.php(3845): apply_filters('excerpt_more', ' [&hellip;]')
#7 /opt/lampp/htdocs/wordpress/wp-includes/class-wp-hook.php(303): wp_trim_excerpt('<h2 style="text...', Object(WP_Post))
#8 /opt/lampp/htdocs/wordpress/wp-includes/plugin.php(189): WP_Hook->apply_filters('', Array)
#9 /opt/lampp/htdocs/wordpress/wp-includes/post-template.php(429): apply_filters('get_the_excerpt', '', Object(WP_Post))
#10 /opt/lampp/htdocs/wordpress/wp-content/plugins/wordpress-seo/src/helpers/post-helper.php(72): get_the_excerpt(Object(WP_Post))
#11 /opt/lampp/htdocs/wordpress/wp-content/plugins/wordpress-seo/src/presentations/indexable-post-type-presentation.php(196): Yoast\WP\SEO\Helpers\Post_Helper->get_the_excerpt(28)
#12 /opt/lampp/htdocs/wordpress/wp-content/plugins/wordpress-seo/src/presentations/abstract-presentation.php(64): Yoast\WP\SEO\Presentations\Indexable_Post_Type_Presentation->generate_open_graph_description()
#13 /opt/lampp/htdocs/wordpress/wp-content/plugins/wordpress-seo/src/presenters/open-graph/description-presenter.php(40): Yoast\WP\SEO\Presentations\Abstract_Presentation->__get('open_graph_desc...')
#14 /opt/lampp/htdocs/wordpress/wp-content/plugins/wordpress-seo/src/presenters/abstract-indexable-tag-presenter.php(37): Yoast\WP\SEO\Presenters\Open_Graph\Description_Presenter->get()
#15 /opt/lampp/htdocs/wordpress/wp-content/plugins/wordpress-seo/src/integrations/front-end-integration.php(317): Yoast\WP\SEO\Presenters\Abstract_Indexable_Tag_Presenter->present()
#16 /opt/lampp/htdocs/wordpress/wp-includes/class-wp-hook.php(303): Yoast\WP\SEO\Integrations\Front_End_Integration->present_head('')
#17 /opt/lampp/htdocs/wordpress/wp-includes/class-wp-hook.php(327): WP_Hook->apply_filters('', Array)
#18 /opt/lampp/htdocs/wordpress/wp-includes/plugin.php(470): WP_Hook->do_action(Array)
#19 /opt/lampp/htdocs/wordpress/wp-content/plugins/wordpress-seo/src/integrations/front-end-integration.php(291): do_action('wpseo_head')
#20 /opt/lampp/htdocs/wordpress/wp-includes/class-wp-hook.php(303): Yoast\WP\SEO\Integrations\Front_End_Integration->call_wpseo_head('')
#21 /opt/lampp/htdocs/wordpress/wp-includes/class-wp-hook.php(327): WP_Hook->apply_filters(NULL, Array)
#22 /opt/lampp/htdocs/wordpress/wp-includes/plugin.php(470): WP_Hook->do_action(Array)
#23 /opt/lampp/htdocs/wordpress/wp-includes/general-template.php(3015): do_action('wp_head')
#24 /opt/lampp/htdocs/wordpress/wp-content/themes/elite-commerce/header.php(20): wp_head()
#25 /opt/lampp/htdocs/wordpress/wp-includes/template.php(770): require_once('/opt/lampp/htdo...')
#26 /opt/lampp/htdocs/wordpress/wp-includes/template.php(716): load_template('/opt/lampp/htdo...', true, Array)
#27 /opt/lampp/htdocs/wordpress/wp-includes/general-template.php(48): locate_template(Array, true, true, Array)
#28 /opt/lampp/htdocs/wordpress/wp-content/themes/elite-commerce/page.php(15): get_header()
#29 /opt/lampp/htdocs/wordpress/wp-includes/template-loader.php(106): include('/opt/lampp/htdo...')
#30 /opt/lampp/htdocs/wordpress/wp-blog-header.php(19): require_once('/opt/lampp/htdo...')
#31 /opt/lampp/htdocs/wordpress/index.php(17): require('/opt/lampp/htdo...')
#32 {main}
  thrown in /opt/lampp/htdocs/wordpress/wp-content/plugins/myplugin.php on line 14

2021-07-26T15:08:04+00:00 CRITICAL Uncaught ArgumentCountError: Too few arguments to function wp_full_title_capitalize(), 1 passed in /opt/lampp/htdocs/wordpress/wp-includes/class-wp-hook.php on line 305 and exactly 3 expected in /opt/lampp/htdocs/wordpress/wp-content/plugins/myplugin.php:14
Stack trace:
#0 /opt/lampp/htdocs/wordpress/wp-includes/class-wp-hook.php(305): wp_full_title_capitalize('Sample Page')
#1 /opt/lampp/htdocs/wordpress/wp-includes/plugin.php(189): WP_Hook->apply_filters('Sample Page', Array)
#2 /opt/lampp/htdocs/wordpress/wp-includes/post-template.php(171): apply_filters('the_title', 'Sample Page', 2)
#3 /opt/lampp/htdocs/wordpress/wp-content/themes/elite-commerce/inc/template-functions.php(105): get_the_title(Object(WP_Post))
#4 /opt/lampp/htdocs/wordpress/wp-includes/class-wp-hook.php(303): elite_commerce_excerpt_more(' [&hellip;]')
#5 /opt/lampp/htdocs/wordpress/wp-includes/plugin.php(189): WP_Hook->apply_filters(' [&hellip;]', Array)
#6 /opt/lampp/htdocs/wordpress/wp-includes/formatting.php(3845): apply_filters('excerpt_more', ' [&hellip;]')
#7 /opt/lampp/htdocs/wordpress/wp-includes/class-wp-hook.php(303): wp_trim_excerpt('<p>This is an e...', Object(WP_Post))
#8 /opt/lampp/htdocs/wordpress/wp-includes/plugin.php(189): WP_Hook->apply_filters('', Array)
#9 /opt/lampp/htdocs/wordpress/wp-includes/post-template.php(429): apply_filters('get_the_excerpt', '', Object(WP_Post))
#10 /opt/lampp/htdocs/wordpress/wp-content/plugins/wordpress-seo/src/helpers/post-helper.php(72): get_the_excerpt(Object(WP_Post))
#11 /opt/lampp/htdocs/wordpress/wp-content/plugins/wordpress-seo/src/presentations/indexable-post-type-presentation.php(196): Yoast\WP\SEO\Helpers\Post_Helper->get_the_excerpt(2)
#12 /opt/lampp/htdocs/wordpress/wp-content/plugins/wordpress-seo/src/presentations/abstract-presentation.php(64): Yoast\WP\SEO\Presentations\Indexable_Post_Type_Presentation->generate_open_graph_description()
#13 /opt/lampp/htdocs/wordpress/wp-content/plugins/wordpress-seo/src/presenters/open-graph/description-presenter.php(40): Yoast\WP\SEO\Presentations\Abstract_Presentation->__get('open_graph_desc...')
#14 /opt/lampp/htdocs/wordpress/wp-content/plugins/wordpress-seo/src/presenters/abstract-indexable-tag-presenter.php(37): Yoast\WP\SEO\Presenters\Open_Graph\Description_Presenter->get()
#15 /opt/lampp/htdocs/wordpress/wp-content/plugins/wordpress-seo/src/integrations/front-end-integration.php(317): Yoast\WP\SEO\Presenters\Abstract_Indexable_Tag_Presenter->present()
#16 /opt/lampp/htdocs/wordpress/wp-includes/class-wp-hook.php(303): Yoast\WP\SEO\Integrations\Front_End_Integration->present_head('')
#17 /opt/lampp/htdocs/wordpress/wp-includes/class-wp-hook.php(327): WP_Hook->apply_filters('', Array)
#18 /opt/lampp/htdocs/wordpress/wp-includes/plugin.php(470): WP_Hook->do_action(Array)
#19 /opt/lampp/htdocs/wordpress/wp-content/plugins/wordpress-seo/src/integrations/front-end-integration.php(291): do_action('wpseo_head')
#20 /opt/lampp/htdocs/wordpress/wp-includes/class-wp-hook.php(303): Yoast\WP\SEO\Integrations\Front_End_Integration->call_wpseo_head('')
#21 /opt/lampp/htdocs/wordpress/wp-includes/class-wp-hook.php(327): WP_Hook->apply_filters(NULL, Array)
#22 /opt/lampp/htdocs/wordpress/wp-includes/plugin.php(470): WP_Hook->do_action(Array)
#23 /opt/lampp/htdocs/wordpress/wp-includes/general-template.php(3015): do_action('wp_head')
#24 /opt/lampp/htdocs/wordpress/wp-content/themes/elite-commerce/header.php(20): wp_head()
#25 /opt/lampp/htdocs/wordpress/wp-includes/template.php(770): require_once('/opt/lampp/htdo...')
#26 /opt/lampp/htdocs/wordpress/wp-includes/template.php(716): load_template('/opt/lampp/htdo...', true, Array)
#27 /opt/lampp/htdocs/wordpress/wp-includes/general-template.php(48): locate_template(Array, true, true, Array)
#28 /opt/lampp/htdocs/wordpress/wp-content/themes/elite-commerce/page.php(15): get_header()
#29 /opt/lampp/htdocs/wordpress/wp-includes/template-loader.php(106): include('/opt/lampp/htdo...')
#30 /opt/lampp/htdocs/wordpress/wp-blog-header.php(19): require_once('/opt/lampp/htdo...')
#31 /opt/lampp/htdocs/wordpress/index.php(17): require('/opt/lampp/htdo...')
#32 {main}
  thrown in /opt/lampp/htdocs/wordpress/wp-content/plugins/myplugin.php on line 14

2021-07-26T16:06:04+00:00 CRITICAL Uncaught ArgumentCountError: Too few arguments to function wp_full_title_capitalize(), 1 passed in /opt/lampp/htdocs/wordpress/wp-includes/class-wp-hook.php on line 305 and exactly 3 expected in /opt/lampp/htdocs/wordpress/wp-content/plugins/myplugin.php:26
Stack trace:
#0 /opt/lampp/htdocs/wordpress/wp-includes/class-wp-hook.php(305): wp_full_title_capitalize('hi, my name is ...')
#1 /opt/lampp/htdocs/wordpress/wp-includes/plugin.php(189): WP_Hook->apply_filters('hi, my name is ...', Array)
#2 /opt/lampp/htdocs/wordpress/wp-includes/post-template.php(171): apply_filters('the_title', 'hi, my name is ...', 34)
#3 /opt/lampp/htdocs/wordpress/wp-includes/post-template.php(89): get_the_title(Object(WP_Post))
#4 /opt/lampp/htdocs/wordpress/wp-includes/general-template.php(3130): the_title_attribute(Array)
#5 /opt/lampp/htdocs/wordpress/wp-includes/class-wp-hook.php(303): feed_links_extra(Array)
#6 /opt/lampp/htdocs/wordpress/wp-includes/class-wp-hook.php(327): WP_Hook->apply_filters(NULL, Array)
#7 /opt/lampp/htdocs/wordpress/wp-includes/plugin.php(470): WP_Hook->do_action(Array)
#8 /opt/lampp/htdocs/wordpress/wp-includes/general-template.php(3015): do_action('wp_head')
#9 /opt/lampp/htdocs/wordpress/wp-content/themes/elite-commerce/header.php(20): wp_head()
#10 /opt/lampp/htdocs/wordpress/wp-includes/template.php(770): require_once('/opt/lampp/htdo...')
#11 /opt/lampp/htdocs/wordpress/wp-includes/template.php(716): load_template('/opt/lampp/htdo...', true, Array)
#12 /opt/lampp/htdocs/wordpress/wp-includes/general-template.php(48): locate_template(Array, true, true, Array)
#13 /opt/lampp/htdocs/wordpress/wp-content/themes/elite-commerce/single.php(10): get_header()
#14 /opt/lampp/htdocs/wordpress/wp-includes/template-loader.php(106): include('/opt/lampp/htdo...')
#15 /opt/lampp/htdocs/wordpress/wp-blog-header.php(19): require_once('/opt/lampp/htdo...')
#16 /opt/lampp/htdocs/wordpress/index.php(17): require('/opt/lampp/htdo...')
#17 {main}
  thrown in /opt/lampp/htdocs/wordpress/wp-content/plugins/myplugin.php on line 26

2021-07-26T16:07:02+00:00 CRITICAL Uncaught ArgumentCountError: Too few arguments to function title_capitalize(), 1 passed in /opt/lampp/htdocs/wordpress/wp-includes/class-wp-hook.php on line 305 and exactly 3 expected in /opt/lampp/htdocs/wordpress/wp-content/plugins/myplugin.php:26
Stack trace:
#0 /opt/lampp/htdocs/wordpress/wp-includes/class-wp-hook.php(305): title_capitalize('hi, my name is ...')
#1 /opt/lampp/htdocs/wordpress/wp-includes/plugin.php(189): WP_Hook->apply_filters('hi, my name is ...', Array)
#2 /opt/lampp/htdocs/wordpress/wp-includes/post-template.php(171): apply_filters('the_title', 'hi, my name is ...', 34)
#3 /opt/lampp/htdocs/wordpress/wp-includes/post-template.php(89): get_the_title(Object(WP_Post))
#4 /opt/lampp/htdocs/wordpress/wp-includes/general-template.php(3130): the_title_attribute(Array)
#5 /opt/lampp/htdocs/wordpress/wp-includes/class-wp-hook.php(303): feed_links_extra(Array)
#6 /opt/lampp/htdocs/wordpress/wp-includes/class-wp-hook.php(327): WP_Hook->apply_filters(NULL, Array)
#7 /opt/lampp/htdocs/wordpress/wp-includes/plugin.php(470): WP_Hook->do_action(Array)
#8 /opt/lampp/htdocs/wordpress/wp-includes/general-template.php(3015): do_action('wp_head')
#9 /opt/lampp/htdocs/wordpress/wp-content/themes/elite-commerce/header.php(20): wp_head()
#10 /opt/lampp/htdocs/wordpress/wp-includes/template.php(770): require_once('/opt/lampp/htdo...')
#11 /opt/lampp/htdocs/wordpress/wp-includes/template.php(716): load_template('/opt/lampp/htdo...', true, Array)
#12 /opt/lampp/htdocs/wordpress/wp-includes/general-template.php(48): locate_template(Array, true, true, Array)
#13 /opt/lampp/htdocs/wordpress/wp-content/themes/elite-commerce/single.php(10): get_header()
#14 /opt/lampp/htdocs/wordpress/wp-includes/template-loader.php(106): include('/opt/lampp/htdo...')
#15 /opt/lampp/htdocs/wordpress/wp-blog-header.php(19): require_once('/opt/lampp/htdo...')
#16 /opt/lampp/htdocs/wordpress/index.php(17): require('/opt/lampp/htdo...')
#17 {main}
  thrown in /opt/lampp/htdocs/wordpress/wp-content/plugins/myplugin.php on line 26

